#
# There is insufficient memory for the Java Runtime Environment to continue.
# Native memory allocation (malloc) failed to allocate 252816 bytes for Chunk::new
# Possible reasons:
#   The system is out of physical RAM or swap space
#   The process is running with CompressedOops enabled, and the Java Heap may be blocking the growth of the native heap
# Possible solutions:
#   Reduce memory load on the system
#   Increase physical memory or swap space
#   Check if swap backing store is full
#   Decrease Java heap size (-Xmx/-Xms)
#   Decrease number of Java threads
#   Decrease Java thread stack sizes (-Xss)
#   Set larger code cache with -XX:ReservedCodeCacheSize=
#   JVM is running with Unscaled Compressed Oops mode in which the Java heap is
#     placed in the first 4GB address space. The Java Heap base address is the
#     maximum limit for the native heap growth. Please use -XX:HeapBaseMinAddress
#     to set the Java Heap base and to place the Java Heap above 4GB virtual address.
# This output file may be truncated or incomplete.
#
#  Out of Memory Error (t:/workspace/open/src/hotspot/share/memory/arena.cpp:198), pid=8152, tid=13192
#
# JRE version: Java(TM) SE Runtime Environment (10.0.2+13) (build 10.0.2+13)
# Java VM: Java HotSpot(TM) 64-Bit Server VM (10.0.2+13, mixed mode, tiered, compressed oops, g1 gc, windows-amd64)
# No core dump will be written. Minidumps are not enabled by default on client versions of Windows
#

---------------  S U M M A R Y ------------

Command Line: -Dapplication.home=C:\Program Files\Java\jdk-10.0.2 --add-modules=ALL-DEFAULT -Xms8m -Djdk.module.main=jdk.compiler jdk.compiler/com.sun.tools.javac.Main -d C:\Users\shasank\Documents\NetBeansProjects\18029951 Shasank Shakya\build\classes -classpath C:\Users\shasank\Documents\NetBeansProjects\18029951 Shasank Shakya\build\classes -sourcepath C:\Users\shasank\Documents\NetBeansProjects\18029951 Shasank Shakya\src -target 1.8 -encoding UTF-8 -g -processorpath C:\Users\shasank\Documents\NetBeansProjects\18029951 Shasank Shakya\build\empty -s C:\Users\shasank\Documents\NetBeansProjects\18029951 Shasank Shakya\build\generated-sources\ap-source-output -source 1.8 C:\Users\shasank\Documents\NetBeansProjects\18029951 Shasank Shakya\src\SmartPhones.java

Host: Intel(R) Core(TM) i5-5200U CPU @ 2.20GHz, 4 cores, 3G,  Windows 10 , 64 bit Build 18362 (10.0.18362.778)
Time: Thu Jun 11 16:48:17 2020 Nepal Standard Time elapsed time: 4 seconds (0d 0h 0m 4s)

---------------  T H R E A D  ---------------

Current thread (0x00000275e19b6000):  JavaThread "C2 CompilerThread0" daemon [_thread_in_native, id=13192, stack(0x000000c022800000,0x000000c022900000)]


Current CompileTask:
C2:   4881 1061   !   4       com.sun.tools.javac.jvm.ClassReader::classSigToType (498 bytes)

Stack: [0x000000c022800000,0x000000c022900000]
Native frames: (J=compiled Java code, j=interpreted, Vv=VM code, C=native code)
V  [jvm.dll+0x5a01a9]
V  [jvm.dll+0x6bcf31]
V  [jvm.dll+0x6be126]
V  [jvm.dll+0x6be7b3]
V  [jvm.dll+0x234978]
V  [jvm.dll+0xbb69c]
V  [jvm.dll+0xbbbac]
V  [jvm.dll+0x4a839b]
V  [jvm.dll+0x3110d9]
V  [jvm.dll+0x31063a]
V  [jvm.dll+0x1ffe91]
V  [jvm.dll+0x1ff116]
V  [jvm.dll+0x17c94b]
V  [jvm.dll+0x20c8dd]
V  [jvm.dll+0x20b6a6]
V  [jvm.dll+0x68b7ff]
V  [jvm.dll+0x59f4b0]
C  [MSVCR120.dll+0x24f7f]
C  [MSVCR120.dll+0x25126]
C  [KERNEL32.DLL+0x17bd4]
C  [ntdll.dll+0x6ce51]


---------------  P R O C E S S  ---------------

Threads class SMR info:
_java_thread_list=0x00000275e1e4d6e0, length=11, elements={
0x00000275bfad6800, 0x00000275e1958800, 0x00000275e1962800, 0x00000275e19b0800,
0x00000275e19b3800, 0x00000275e19b6000, 0x00000275e19bd000, 0x00000275e19c2800,
0x00000275e19cc800, 0x00000275e1ceb000, 0x00000275e1e08800
}

Java Threads: ( => current thread )
  0x00000275bfad6800 JavaThread "main" [_thread_blocked, id=14044, stack(0x000000c021700000,0x000000c021800000)]
  0x00000275e1958800 JavaThread "Reference Handler" daemon [_thread_blocked, id=12492, stack(0x000000c022400000,0x000000c022500000)]
  0x00000275e1962800 JavaThread "Finalizer" daemon [_thread_blocked, id=6172, stack(0x000000c022500000,0x000000c022600000)]
  0x00000275e19b0800 JavaThread "Signal Dispatcher" daemon [_thread_blocked, id=14200, stack(0x000000c022600000,0x000000c022700000)]
  0x00000275e19b3800 JavaThread "Attach Listener" daemon [_thread_blocked, id=8548, stack(0x000000c022700000,0x000000c022800000)]
=>0x00000275e19b6000 JavaThread "C2 CompilerThread0" daemon [_thread_in_native, id=13192, stack(0x000000c022800000,0x000000c022900000)]
  0x00000275e19bd000 JavaThread "C2 CompilerThread1" daemon [_thread_in_native, id=5764, stack(0x000000c022900000,0x000000c022a00000)]
  0x00000275e19c2800 JavaThread "C1 CompilerThread2" daemon [_thread_in_native, id=12208, stack(0x000000c022a00000,0x000000c022b00000)]
  0x00000275e19cc800 JavaThread "Sweeper thread" daemon [_thread_blocked, id=104, stack(0x000000c022b00000,0x000000c022c00000)]
  0x00000275e1ceb000 JavaThread "Service Thread" daemon [_thread_blocked, id=6280, stack(0x000000c022c00000,0x000000c022d00000)]
  0x00000275e1e08800 JavaThread "Common-Cleaner" daemon [_thread_blocked, id=7376, stack(0x000000c022d00000,0x000000c022e00000)]

Other Threads:
  0x00000275e1952000 VMThread "VM Thread" [stack: 0x000000c022300000,0x000000c022400000] [id=7656]
  0x00000275e1e3d000 WatcherThread [stack: 0x000000c022e00000,0x000000c022f00000] [id=13236]
  0x00000275bfaed000 GCTaskThread "GC Thread#0" [stack: 0x000000c021800000,0x000000c021900000] [id=4000]
  0x00000275bfaee000 GCTaskThread "GC Thread#1" [stack: 0x000000c021900000,0x000000c021a00000] [id=12468]
  0x00000275bfaf3800 GCTaskThread "GC Thread#2" [stack: 0x000000c021a00000,0x000000c021b00000] [id=1148]
  0x00000275bfafd000 GCTaskThread "GC Thread#3" [stack: 0x000000c021b00000,0x000000c021c00000] [id=14256]
  0x00000275bfb3b000 ConcurrentGCThread "G1 Main Marker" [stack: 0x000000c021c00000,0x000000c021d00000] [id=10700]
  0x00000275bfaf5800 ConcurrentGCThread "G1 Conc#0" [stack: 0x000000c021d00000,0x000000c021e00000] [id=4152]
  0x00000275bfb46000 ConcurrentGCThread "G1 Refine#0" [stack: 0x000000c021e00000,0x000000c021f00000] [id=7260]
  0x00000275bfb47000 ConcurrentGCThread "G1 Refine#1" [stack: 0x000000c021f00000,0x000000c022000000] [id=9732]
  0x00000275bfb48800 ConcurrentGCThread "G1 Refine#2" [stack: 0x000000c022000000,0x000000c022100000] [id=12940]
  0x00000275bfb54000 ConcurrentGCThread "G1 Refine#3" [stack: 0x000000c022100000,0x000000c022200000] [id=3728]
  0x00000275bfb56000 ConcurrentGCThread "G1 Young RemSet Sampling" [stack: 0x000000c022200000,0x000000c022300000] [id=12596]

Threads with active compile tasks:
C2 CompilerThread01061   !   4       com.sun.tools.javac.jvm.ClassReader::classSigToType (498 bytes)
C2 CompilerThread11393       4       com.sun.tools.javac.jvm.ClassReader::sigToType (880 bytes)
C1 CompilerThread21507       3       com.sun.tools.javac.comp.Attr::visitSelect (1287 bytes)

VM state:at safepoint (normal execution)

VM Mutex/Monitor currently owned by a thread:  ([mutex/lock_event])
[0x00000275bfad46b0] Threads_lock - owner thread: 0x00000275e1952000
[0x00000275bfad2e80] Heap_lock - owner thread: 0x00000275bfad6800

Heap address: 0x00000000c1600000, size: 1002 MB, Compressed Oops mode: 32-bit
Narrow klass base: 0x0000000000000000, Narrow klass shift: 3
Compressed class space size: 1073741824 Address: 0x0000000100000000

Heap:
 garbage-first heap   total 47104K, used 8701K [0x00000000c1600000, 0x0000000100000000)
  region size 1024K, 1 young (1024K), 1 survivors (1024K)
 Metaspace       used 14935K, capacity 15234K, committed 15488K, reserved 1062912K
  class space    used 1525K, capacity 1650K, committed 1664K, reserved 1048576K
Heap Regions: E=young(eden), S=young(survivor), O=old, HS=humongous(starts), HC=humongous(continues), CS=collection set, F=free, A=archive, TS=gc time stamp, AC=allocation context, TAMS=top-at-mark-start (previous, next)
|   0|0x00000000c1600000, 0x00000000c1700000, 0x00000000c1700000|100%| O|  |TS  0|AC  0|TAMS 0x00000000c1700000, 0x00000000c1700000|
|   1|0x00000000c1700000, 0x00000000c1800000, 0x00000000c1800000|100%| O|  |TS  0|AC  0|TAMS 0x00000000c1800000, 0x00000000c1800000|
|   2|0x00000000c1800000, 0x00000000c1900000, 0x00000000c1900000|100%| O|  |TS  0|AC  0|TAMS 0x00000000c1900000, 0x00000000c1900000|
|   3|0x00000000c1900000, 0x00000000c1a00000, 0x00000000c1a00000|100%| O|  |TS  0|AC  0|TAMS 0x00000000c1a00000, 0x00000000c1a00000|
|   4|0x00000000c1a00000, 0x00000000c1b00000, 0x00000000c1b00000|100%| O|  |TS  2|AC  0|TAMS 0x00000000c1a3da00, 0x00000000c1a3da00|
|   5|0x00000000c1b00000, 0x00000000c1c00000, 0x00000000c1c00000|100%| O|  |TS  2|AC  0|TAMS 0x00000000c1b00000, 0x00000000c1b00000|
|   6|0x00000000c1c00000, 0x00000000c1d00000, 0x00000000c1d00000|100%| O|  |TS  3|AC  0|TAMS 0x00000000c1c00000, 0x00000000c1c00000|
|   7|0x00000000c1d00000, 0x00000000c1de3800, 0x00000000c1e00000| 88%| O|  |TS  4|AC  0|TAMS 0x00000000c1d00000, 0x00000000c1d00000|
|   8|0x00000000c1e00000, 0x00000000c1e00000, 0x00000000c1f00000|  0%| F|  |TS  0|AC  0|TAMS 0x00000000c1e00000, 0x00000000c1e00000|
|   9|0x00000000c1f00000, 0x00000000c1f00000, 0x00000000c2000000|  0%| F|  |TS  0|AC  0|TAMS 0x00000000c1f00000, 0x00000000c1f00000|
|  10|0x00000000c2000000, 0x00000000c2000000, 0x00000000c2100000|  0%| F|  |TS  0|AC  0|TAMS 0x00000000c2000000, 0x00000000c2000000|
|  11|0x00000000c2100000, 0x00000000c2100000, 0x00000000c2200000|  0%| F|  |TS  0|AC  0|TAMS 0x00000000c2100000, 0x00000000c2100000|
|  12|0x00000000c2200000, 0x00000000c2200000, 0x00000000c2300000|  0%| F|  |TS  0|AC  0|TAMS 0x00000000c2200000, 0x00000000c2200000|
|  13|0x00000000c2300000, 0x00000000c2300000, 0x00000000c2400000|  0%| F|  |TS  3|AC  0|TAMS 0x00000000c2300000, 0x00000000c2300000|
|  14|0x00000000c2400000, 0x00000000c249bc18, 0x00000000c2500000| 60%| S|CS|TS  4|AC  0|TAMS 0x00000000c2400000, 0x00000000c2400000|
|  15|0x00000000c2500000, 0x00000000c2500000, 0x00000000c2600000|  0%| F|  |TS  4|AC  0|TAMS 0x00000000c2500000, 0x00000000c2500000|
|  16|0x00000000c2600000, 0x00000000c2600000, 0x00000000c2700000|  0%| F|  |TS  4|AC  0|TAMS 0x00000000c2600000, 0x00000000c2600000|
|  17|0x00000000c2700000, 0x00000000c2700000, 0x00000000c2800000|  0%| F|  |TS  4|AC  0|TAMS 0x00000000c2700000, 0x00000000c2700000|
|  18|0x00000000c2800000, 0x00000000c2800000, 0x00000000c2900000|  0%| F|  |TS  4|AC  0|TAMS 0x00000000c2800000, 0x00000000c2800000|
|  19|0x00000000c2900000, 0x00000000c2900000, 0x00000000c2a00000|  0%| F|  |TS  4|AC  0|TAMS 0x00000000c2900000, 0x00000000c2900000|

Card table byte_map: [0x00000275dc850000,0x00000275dca50000] byte_map_base: 0x00000275dc245000

Marking Bits (Prev, Next): (CMBitMap*) 0x00000275bfb3a010, (CMBitMap*) 0x00000275bfb3a048
 Prev Bits: [0x00000275dcc50000, 0x00000275ddbf8000)
 Next Bits: [0x00000275ddc00000, 0x00000275deba8000)

Polling page: 0x00000275bfa90000

CodeHeap 'non-profiled nmethods': size=120064Kb used=529Kb max_used=529Kb free=119534Kb
 bounds [0x00000275d4ae0000, 0x00000275d4d50000, 0x00000275dc020000]
CodeHeap 'profiled nmethods': size=120000Kb used=3160Kb max_used=3160Kb free=116839Kb
 bounds [0x00000275cd5b0000, 0x00000275cd8d0000, 0x00000275d4ae0000]
CodeHeap 'non-nmethods': size=5696Kb used=1072Kb max_used=1091Kb free=4623Kb
 bounds [0x00000275cd020000, 0x00000275cd290000, 0x00000275cd5b0000]
 total_blobs=2177 nmethods=1495 adapters=273
 compilation: enabled

Compilation events (10 events):
Event: 4.843 Thread 0x00000275e19c2800 nmethod 1196 0x00000275d4b4ef90 code [0x00000275d4b4f140, 0x00000275d4b4f258]
Event: 4.843 Thread 0x00000275e19c2800 1199       3       com.sun.tools.javac.code.Scope$ScopeImpl$1::hasNext (70 bytes)
Event: 4.844 Thread 0x00000275e19c2800 nmethod 1199 0x00000275cd7e9d90 code [0x00000275cd7e9f60, 0x00000275cd7ea300]
Event: 4.844 Thread 0x00000275e19c2800 1200       3       com.sun.tools.javac.code.Scope$ScopeImpl$1::update (72 bytes)
Event: 4.844 Thread 0x00000275e19c2800 nmethod 1200 0x00000275cd7ea490 code [0x00000275cd7ea680, 0x00000275cd7eaa80]
Event: 4.844 Thread 0x00000275e19c2800 1203       3       com.sun.tools.javac.code.Scope$ScopeImpl$1::skipToNextMatchingEntry (48 bytes)
Event: 4.845 Thread 0x00000275e19c2800 nmethod 1203 0x00000275cd7eab90 code [0x00000275cd7ead60, 0x00000275cd7eb110]
Event: 4.845 Thread 0x00000275e19c2800 1201       3       com.sun.tools.javac.code.Scope$ScopeImpl$1::doNext (43 bytes)
Event: 4.845 Thread 0x00000275e19c2800 nmethod 1201 0x00000275cd7eb290 code [0x00000275cd7eb460, 0x00000275cd7eb6f0]
Event: 4.845 Thread 0x00000275e19c2800 1202       3       com.sun.tools.javac.code.Scope$ScopeImpl$1::next (5 bytes)

GC Heap History (10 events):
Event: 4.491 GC heap before
{Heap before GC invocations=17 (full 0):
 garbage-first heap   total 10240K, used 5556K [0x00000000c1600000, 0x0000000100000000)
  region size 1024K, 2 young (2048K), 1 survivors (1024K)
 Metaspace       used 13765K, capacity 14041K, committed 14336K, reserved 1062912K
  class space    used 1410K, capacity 1530K, committed 1536K, reserved 1048576K
}
Event: 4.494 GC heap after
{Heap after GC invocations=18 (full 0):
 garbage-first heap   total 10240K, used 4671K [0x00000000c1600000, 0x0000000100000000)
  region size 1024K, 1 young (1024K), 1 survivors (1024K)
 Metaspace       used 13765K, capacity 14041K, committed 14336K, reserved 1062912K
  class space    used 1410K, capacity 1530K, committed 1536K, reserved 1048576K
}
Event: 4.497 GC heap before
{Heap before GC invocations=18 (full 0):
 garbage-first heap   total 10240K, used 5695K [0x00000000c1600000, 0x0000000100000000)
  region size 1024K, 2 young (2048K), 1 survivors (1024K)
 Metaspace       used 13765K, capacity 14041K, committed 14336K, reserved 1062912K
  class space    used 1410K, capacity 1530K, committed 1536K, reserved 1048576K
}
Event: 4.499 GC heap after
{Heap after GC invocations=19 (full 0):
 garbage-first heap   total 10240K, used 4772K [0x00000000c1600000, 0x0000000100000000)
  region size 1024K, 1 young (1024K), 1 survivors (1024K)
 Metaspace       used 13765K, capacity 14041K, committed 14336K, reserved 1062912K
  class space    used 1410K, capacity 1530K, committed 1536K, reserved 1048576K
}
Event: 4.513 GC heap before
{Heap before GC invocations=19 (full 0):
 garbage-first heap   total 10240K, used 5796K [0x00000000c1600000, 0x0000000100000000)
  region size 1024K, 2 young (2048K), 1 survivors (1024K)
 Metaspace       used 13773K, capacity 14041K, committed 14336K, reserved 1062912K
  class space    used 1410K, capacity 1530K, committed 1536K, reserved 1048576K
}
Event: 4.515 GC heap after
{Heap after GC invocations=20 (full 0):
 garbage-first heap   total 20480K, used 5021K [0x00000000c1600000, 0x0000000100000000)
  region size 1024K, 1 young (1024K), 1 survivors (1024K)
 Metaspace       used 13773K, capacity 14041K, committed 14336K, reserved 1062912K
  class space    used 1410K, capacity 1530K, committed 1536K, reserved 1048576K
}
Event: 4.587 GC heap before
{Heap before GC invocations=21 (full 0):
 garbage-first heap   total 20480K, used 10141K [0x00000000c1600000, 0x0000000100000000)
  region size 1024K, 6 young (6144K), 1 survivors (1024K)
 Metaspace       used 13841K, capacity 14107K, committed 14336K, reserved 1062912K
  class space    used 1414K, capacity 1530K, committed 1536K, reserved 1048576K
}
Event: 4.591 GC heap after
{Heap after GC invocations=22 (full 0):
 garbage-first heap   total 20480K, used 5770K [0x00000000c1600000, 0x0000000100000000)
  region size 1024K, 1 young (1024K), 1 survivors (1024K)
 Metaspace       used 13841K, capacity 14107K, committed 14336K, reserved 1062912K
  class space    used 1414K, capacity 1530K, committed 1536K, reserved 1048576K
}
Event: 4.651 GC heap before
{Heap before GC invocations=22 (full 0):
 garbage-first heap   total 20480K, used 10890K [0x00000000c1600000, 0x0000000100000000)
  region size 1024K, 6 young (6144K), 1 survivors (1024K)
 Metaspace       used 13901K, capacity 14193K, committed 14464K, reserved 1062912K
  class space    used 1420K, capacity 1538K, committed 1664K, reserved 1048576K
}
Event: 4.657 GC heap after
{Heap after GC invocations=23 (full 0):
 garbage-first heap   total 20480K, used 7419K [0x00000000c1600000, 0x0000000100000000)
  region size 1024K, 1 young (1024K), 1 survivors (1024K)
 Metaspace       used 13901K, capacity 14193K, committed 14464K, reserved 1062912K
  class space    used 1420K, capacity 1538K, committed 1664K, reserved 1048576K
}

Deoptimization events (10 events):
Event: 3.108 Thread 0x00000275bfad6800 Uncommon trap: reason=unstable_if action=reinterpret pc=0x00000275d4b05710 method=java.lang.StringLatin1.replace([BCC)Ljava/lang/String; @ 19 c2
Event: 3.260 Thread 0x00000275bfad6800 Uncommon trap: reason=unstable_if action=reinterpret pc=0x00000275d4af06fc method=java.nio.Buffer.hasRemaining()Z @ 8 c2
Event: 3.822 Thread 0x00000275bfad6800 Uncommon trap: reason=unstable_if action=reinterpret pc=0x00000275d4b10c4c method=com.sun.tools.javac.parser.UnicodeReader.scanChar()V @ 37 c2
Event: 4.368 Thread 0x00000275bfad6800 Uncommon trap: reason=unstable_if action=reinterpret pc=0x00000275d4b05e44 method=java.lang.String.regionMatches(ILjava/lang/String;II)Z @ 111 c2
Event: 4.472 Thread 0x00000275bfad6800 Uncommon trap: reason=class_check action=maybe_recompile pc=0x00000275d4b24d94 method=java.util.HashMap.getNode(ILjava/lang/Object;)Ljava/util/HashMap$Node; @ 126 c2
Event: 4.552 Thread 0x00000275bfad6800 Uncommon trap: reason=unstable_if action=reinterpret pc=0x00000275d4b26128 method=java.lang.StringUTF16.compress([CII)[B @ 13 c2
Event: 4.552 Thread 0x00000275bfad6800 Uncommon trap: reason=unstable_if action=reinterpret pc=0x00000275d4b0410c method=java.lang.StringUTF16.compress([CI[BII)I @ 20 c2
Event: 4.625 Thread 0x00000275bfad6800 Uncommon trap: reason=class_check action=maybe_recompile pc=0x00000275d4b24d94 method=java.util.HashMap.getNode(ILjava/lang/Object;)Ljava/util/HashMap$Node; @ 126 c2
Event: 4.679 Thread 0x00000275bfad6800 Uncommon trap: reason=class_check action=maybe_recompile pc=0x00000275d4b24d94 method=java.util.HashMap.getNode(ILjava/lang/Object;)Ljava/util/HashMap$Node; @ 126 c2
Event: 4.756 Thread 0x00000275bfad6800 Uncommon trap: reason=class_check action=maybe_recompile pc=0x00000275d4b24d94 method=java.util.HashMap.getNode(ILjava/lang/Object;)Ljava/util/HashMap$Node; @ 126 c2

Classes redefined (0 events):
No events

Internal exceptions (10 events):
Event: 4.678 Thread 0x00000275bfad6800 Exception <a 'sun/nio/fs/WindowsException'{0x00000000c2969a38}> (0x00000000c2969a38) thrown at [t:/workspace/open/src/hotspot/share/prims/jni.cpp, line 611]
Event: 4.678 Thread 0x00000275bfad6800 Exception <a 'sun/nio/fs/WindowsException'{0x00000000c2969d68}> (0x00000000c2969d68) thrown at [t:/workspace/open/src/hotspot/share/prims/jni.cpp, line 611]
Event: 4.749 Thread 0x00000275bfad6800 Exception <a 'sun/nio/fs/WindowsException'{0x00000000c28ee5b0}> (0x00000000c28ee5b0) thrown at [t:/workspace/open/src/hotspot/share/prims/jni.cpp, line 611]
Event: 4.749 Thread 0x00000275bfad6800 Exception <a 'sun/nio/fs/WindowsException'{0x00000000c28ee910}> (0x00000000c28ee910) thrown at [t:/workspace/open/src/hotspot/share/prims/jni.cpp, line 611]
Event: 4.749 Thread 0x00000275bfad6800 Exception <a 'sun/nio/fs/WindowsException'{0x00000000c28ef9d8}> (0x00000000c28ef9d8) thrown at [t:/workspace/open/src/hotspot/share/prims/jni.cpp, line 611]
Event: 4.749 Thread 0x00000275bfad6800 Exception <a 'sun/nio/fs/WindowsException'{0x00000000c28efcf8}> (0x00000000c28efcf8) thrown at [t:/workspace/open/src/hotspot/share/prims/jni.cpp, line 611]
Event: 4.755 Thread 0x00000275bfad6800 Exception <a 'sun/nio/fs/WindowsException'{0x00000000c2709af8}> (0x00000000c2709af8) thrown at [t:/workspace/open/src/hotspot/share/prims/jni.cpp, line 611]
Event: 4.755 Thread 0x00000275bfad6800 Exception <a 'sun/nio/fs/WindowsException'{0x00000000c2709e88}> (0x00000000c2709e88) thrown at [t:/workspace/open/src/hotspot/share/prims/jni.cpp, line 611]
Event: 4.756 Thread 0x00000275bfad6800 Exception <a 'sun/nio/fs/WindowsException'{0x00000000c270afd0}> (0x00000000c270afd0) thrown at [t:/workspace/open/src/hotspot/share/prims/jni.cpp, line 611]
Event: 4.756 Thread 0x00000275bfad6800 Exception <a 'sun/nio/fs/WindowsException'{0x00000000c270b330}> (0x00000000c270b330) thrown at [t:/workspace/open/src/hotspot/share/prims/jni.cpp, line 611]

Events (10 events):
Event: 4.833 loading class java/util/stream/ReduceOps$1ReducingSink
Event: 4.834 loading class java/util/stream/ReduceOps$1ReducingSink done
Event: 4.840 loading class com/sun/tools/javac/util/Filter
Event: 4.840 loading class com/sun/tools/javac/util/Filter done
Event: 4.840 loading class com/sun/tools/javac/code/Scope$CompoundScope
Event: 4.840 loading class com/sun/tools/javac/code/Scope$CompoundScope done
Event: 4.841 loading class com/sun/tools/javac/util/Filter
Event: 4.841 loading class com/sun/tools/javac/util/Filter done
Event: 4.841 loading class com/sun/tools/javac/util/Filter
Event: 4.841 loading class com/sun/tools/javac/util/Filter done


Dynamic libraries:
0x00007ff70a5f0000 - 0x00007ff70a5f7000 	C:\Program Files\Java\jdk-10.0.2\bin\javac.exe
0x00007ffe401a0000 - 0x00007ffe40390000 	C:\WINDOWS\SYSTEM32\ntdll.dll
0x00007ffe3e540000 - 0x00007ffe3e5f2000 	C:\WINDOWS\System32\KERNEL32.DLL
0x00007ffe3dfa0000 - 0x00007ffe3e244000 	C:\WINDOWS\System32\KERNELBASE.dll
0x00007ffe1e950000 - 0x00007ffe1ea3f000 	C:\Program Files\Java\jdk-10.0.2\bin\MSVCR120.dll
0x00007ffe2af70000 - 0x00007ffe2afa5000 	C:\Program Files\Java\jdk-10.0.2\bin\jli.dll
0x00007ffe3f250000 - 0x00007ffe3f2f3000 	C:\WINDOWS\System32\ADVAPI32.dll
0x00007ffe3ec00000 - 0x00007ffe3ec9e000 	C:\WINDOWS\System32\msvcrt.dll
0x00007ffe3f380000 - 0x00007ffe3f417000 	C:\WINDOWS\System32\sechost.dll
0x00007ffe3f670000 - 0x00007ffe3f790000 	C:\WINDOWS\System32\RPCRT4.dll
0x00007ffe3f8d0000 - 0x00007ffe3fa64000 	C:\WINDOWS\System32\USER32.dll
0x00007ffe3d700000 - 0x00007ffe3d721000 	C:\WINDOWS\System32\win32u.dll
0x00007ffe3f5b0000 - 0x00007ffe3f5d6000 	C:\WINDOWS\System32\GDI32.dll
0x00007ffe3d130000 - 0x00007ffe3d2c4000 	C:\WINDOWS\System32\gdi32full.dll
0x00007ffe3d730000 - 0x00007ffe3d7ce000 	C:\WINDOWS\System32\msvcp_win.dll
0x00007ffe3d600000 - 0x00007ffe3d6fa000 	C:\WINDOWS\System32\ucrtbase.dll
0x00007ffe33880000 - 0x00007ffe3388a000 	C:\WINDOWS\SYSTEM32\VERSION.dll
0x00007ffe354b0000 - 0x00007ffe35734000 	C:\WINDOWS\WinSxS\amd64_microsoft.windows.common-controls_6595b64144ccf1df_6.0.18362.836_none_e6c4b943130f18ed\COMCTL32.dll
0x00007ffe3ee90000 - 0x00007ffe3f1c6000 	C:\WINDOWS\System32\combase.dll
0x00007ffe3d580000 - 0x00007ffe3d600000 	C:\WINDOWS\System32\bcryptPrimitives.dll
0x00007ffe3ebd0000 - 0x00007ffe3ebfe000 	C:\WINDOWS\System32\IMM32.DLL
0x00007ffe20880000 - 0x00007ffe20926000 	C:\Program Files\Java\jdk-10.0.2\bin\msvcp120.dll
0x0000000053360000 - 0x0000000053dd0000 	C:\Program Files\Java\jdk-10.0.2\bin\server\jvm.dll
0x00007ffe3f600000 - 0x00007ffe3f608000 	C:\WINDOWS\System32\PSAPI.DLL
0x00007ffe2da90000 - 0x00007ffe2da99000 	C:\WINDOWS\SYSTEM32\WSOCK32.dll
0x00007ffe3f300000 - 0x00007ffe3f36f000 	C:\WINDOWS\System32\WS2_32.dll
0x00007ffe3aac0000 - 0x00007ffe3aae4000 	C:\WINDOWS\SYSTEM32\WINMM.dll
0x00007ffe3aa90000 - 0x00007ffe3aabd000 	C:\WINDOWS\SYSTEM32\WINMMBASE.dll
0x00007ffe3d2d0000 - 0x00007ffe3d31a000 	C:\WINDOWS\System32\cfgmgr32.dll
0x00007ffe36220000 - 0x00007ffe3622f000 	C:\Program Files\Java\jdk-10.0.2\bin\verify.dll
0x00007ffe37d10000 - 0x00007ffe37f04000 	C:\WINDOWS\SYSTEM32\DBGHELP.DLL
0x00007ffe37b10000 - 0x00007ffe37b3a000 	C:\WINDOWS\SYSTEM32\dbgcore.DLL
0x00007ffe2a630000 - 0x00007ffe2a657000 	C:\Program Files\Java\jdk-10.0.2\bin\java.dll
0x00007ffe2a0f0000 - 0x00007ffe2a106000 	C:\Program Files\Java\jdk-10.0.2\bin\zip.dll
0x00007ffe34b50000 - 0x00007ffe34b5a000 	C:\Program Files\Java\jdk-10.0.2\bin\jimage.dll
0x00007ffe3fa70000 - 0x00007ffe40154000 	C:\WINDOWS\System32\SHELL32.dll
0x00007ffe3f500000 - 0x00007ffe3f5a9000 	C:\WINDOWS\System32\shcore.dll
0x00007ffe3d820000 - 0x00007ffe3df9e000 	C:\WINDOWS\System32\windows.storage.dll
0x00007ffe3d100000 - 0x00007ffe3d123000 	C:\WINDOWS\System32\profapi.dll
0x00007ffe3d090000 - 0x00007ffe3d0da000 	C:\WINDOWS\System32\powrprof.dll
0x00007ffe3d060000 - 0x00007ffe3d070000 	C:\WINDOWS\System32\UMPDC.dll
0x00007ffe3ed60000 - 0x00007ffe3edb2000 	C:\WINDOWS\System32\shlwapi.dll
0x00007ffe3d0e0000 - 0x00007ffe3d0f1000 	C:\WINDOWS\System32\kernel.appcore.dll
0x00007ffe3d800000 - 0x00007ffe3d817000 	C:\WINDOWS\System32\cryptsp.dll
0x00007ffe27c40000 - 0x00007ffe27c5a000 	C:\Program Files\Java\jdk-10.0.2\bin\net.dll
0x00007ffe34670000 - 0x00007ffe34760000 	C:\WINDOWS\SYSTEM32\WINHTTP.dll
0x00007ffe3c870000 - 0x00007ffe3c8d7000 	C:\WINDOWS\system32\mswsock.dll
0x00007ffe27820000 - 0x00007ffe27831000 	C:\Program Files\Java\jdk-10.0.2\bin\nio.dll

dbghelp: loaded successfully - version: 4.0.5 - missing functions: none
symbol engine: initialized successfully - sym options: 0x614 - pdb path: .;C:\Program Files\Java\jdk-10.0.2\bin;C:\WINDOWS\SYSTEM32;C:\WINDOWS\WinSxS\amd64_microsoft.windows.common-controls_6595b64144ccf1df_6.0.18362.836_none_e6c4b943130f18ed;C:\Program Files\Java\jdk-10.0.2\bin\server

VM Arguments:
jvm_args: -Dapplication.home=C:\Program Files\Java\jdk-10.0.2 --add-modules=ALL-DEFAULT -Xms8m -Djdk.module.main=jdk.compiler 
java_command: jdk.compiler/com.sun.tools.javac.Main -d C:\Users\shasank\Documents\NetBeansProjects\18029951 Shasank Shakya\build\classes -classpath C:\Users\shasank\Documents\NetBeansProjects\18029951 Shasank Shakya\build\classes -sourcepath C:\Users\shasank\Documents\NetBeansProjects\18029951 Shasank Shakya\src -target 1.8 -encoding UTF-8 -g -processorpath C:\Users\shasank\Documents\NetBeansProjects\18029951 Shasank Shakya\build\empty -s C:\Users\shasank\Documents\NetBeansProjects\18029951 Shasank Shakya\build\generated-sources\ap-source-output -source 1.8 C:\Users\shasank\Documents\NetBeansProjects\18029951 Shasank Shakya\src\SmartPhones.java
java_class_path (initial): <not set>
Launcher Type: SUN_STANDARD

Logging:
Log output configuration:
#0: stdout all=warning uptime,level,tags
#1: stderr all=off uptime,level,tags

Environment Variables:
PATH=C:\oraclexe\app\oracle\product\11.2.0\server\bin;;C:\WINDOWS\system32;C:\WINDOWS;C:\WINDOWS\System32\Wbem;C:\WINDOWS\System32\WindowsPowerShell\v1.0\;C:\WINDOWS\System32\OpenSSH\;C:\Program Files\Java\jdk-10.0.2\bin;C:\oraclexe\app\oracle\product\11.2.0\server\bin;C:\WINDOWS\system32;C:\WINDOWS;C:\WINDOWS\System32\Wbem;C:\WINDOWS\System32\WindowsPowerShell\v1.0\;C:\WINDOWS\System32\OpenSSH\;C:\Program Files\Java\jdk-10.0.2\bin;C:\Users\shasank\AppData\Local\Microsoft\WindowsApps;C:\Python34\Scripts;C:\Python34;
USERNAME=shasank
OS=Windows_NT
PROCESSOR_IDENTIFIER=Intel64 Family 6 Model 61 Stepping 4, GenuineIntel



---------------  S Y S T E M  ---------------

OS: Windows 10 , 64 bit Build 18362 (10.0.18362.778)

CPU:total 4 (initial active 4) (2 cores per cpu, 2 threads per core) family 6 model 61 stepping 4, cmov, cx8, fxsr, mmx, sse, sse2, sse3, ssse3, sse4.1, sse4.2, popcnt, avx, avx2, aes, clmul, erms, 3dnowpref, lzcnt, ht, tsc, tscinvbit, bmi1, bmi2, adx, fma

Memory: 4k page, physical 4103668k(378492k free), swap 8297972k(1568k free)

vm_info: Java HotSpot(TM) 64-Bit Server VM (10.0.2+13) for windows-amd64 JRE (10.0.2+13), built on Jun 28 2018 01:57:56 by "mach5one" with MS VC++ 12.0 (VS2013)

END.
